Using pre-set license
Built from '2021.3/china_unity/release' branch; Version is '2021.3.0f1c1 (c833db084d5b) revision 13120475'; Using compiler version '192829333'; Build Type 'Release'
OS: 'Windows 11  (10.0.22000) 64bit CoreCountrySpecific' Language: 'zh' Physical Memory: 16068 MB
BatchMode: 1, IsHumanControllingUs: 0, StartBugReporterOnCrash: 0, Is64bit: 1, IsPro: 1

COMMAND LINE ARGUMENTS:
C:\Program Files\Unity\Hub\Editor\2021.3.0f1c1\Editor\Unity.exe
-adb2
-batchMode
-noUpm
-name
AssetImportWorker4
-projectPath
C:/Users/66406/Desktop/unity入门精要
-logFile
Logs/AssetImportWorker4.log
-srvPort
62740
Successfully changed project path to: C:/Users/66406/Desktop/unity入门精要
C:/Users/66406/Desktop/unity入门精要
[UnityMemory] Configuration Parameters - Can be set up in boot.config
    "memorysetup-bucket-allocator-granularity=16"
    "memorysetup-bucket-allocator-bucket-count=8"
    "memorysetup-bucket-allocator-block-size=33554432"
    "memorysetup-bucket-allocator-block-count=8"
    "memorysetup-main-allocator-block-size=16777216"
    "memorysetup-thread-allocator-block-size=16777216"
    "memorysetup-gfx-main-allocator-block-size=16777216"
    "memorysetup-gfx-thread-allocator-block-size=16777216"
    "memorysetup-cache-allocator-block-size=4194304"
    "memorysetup-typetree-allocator-block-size=2097152"
    "memorysetup-profiler-bucket-allocator-granularity=16"
    "memorysetup-profiler-bucket-allocator-bucket-count=8"
    "memorysetup-profiler-bucket-allocator-block-size=33554432"
    "memorysetup-profiler-bucket-allocator-block-count=8"
    "memorysetup-profiler-allocator-block-size=16777216"
    "memorysetup-profiler-editor-allocator-block-size=1048576"
    "memorysetup-temp-allocator-size-main=16777216"
    "memorysetup-job-temp-allocator-block-size=2097152"
    "memorysetup-job-temp-allocator-block-size-background=1048576"
    "memorysetup-job-temp-allocator-reduction-small-platforms=262144"
    "memorysetup-temp-allocator-size-background-worker=32768"
    "memorysetup-temp-allocator-size-job-worker=262144"
    "memorysetup-temp-allocator-size-preload-manager=33554432"
    "memorysetup-temp-allocator-size-nav-mesh-worker=65536"
    "memorysetup-temp-allocator-size-audio-worker=65536"
    "memorysetup-temp-allocator-size-cloud-worker=32768"
    "memorysetup-temp-allocator-size-gi-baking-worker=262144"
    "memorysetup-temp-allocator-size-gfx=262144"
AS: AutoStreaming module initializing.
Refreshing native plugins compatible for Editor in 64.45 ms, found 3 plugins.
Preloading 0 native plugins for Editor in 0.00 ms.
Initialize engine version: 2021.3.0f1c1 (c833db084d5b)
[Subsystems] Discovering subsystems at path C:/Program Files/Unity/Hub/Editor/2021.3.0f1c1/Editor/Data/Resources/UnitySubsystems
[Subsystems] Discovering subsystems at path C:/Users/66406/Desktop/unity入门精要/Assets
GfxDevice: creating device client; threaded=0; jobified=0
Direct3D:
    Version:  Direct3D 11.0 [level 11.1]
    Renderer: NVIDIA GeForce RTX 3070 Ti Laptop GPU (ID=0x24e0)
    Vendor:   NVIDIA
    VRAM:     8043 MB
    Driver:   30.0.15.1272
Shader 'Custom/water': fallback shader 'Transpatent/VertexLit' not found
Shader 'Custom/billboard': fallback shader 'Transpatent/VertexLits' not found
Initialize mono
Mono path[0] = 'C:/Program Files/Unity/Hub/Editor/2021.3.0f1c1/Editor/Data/Managed'
Mono path[1] = 'C:/Program Files/Unity/Hub/Editor/2021.3.0f1c1/Editor/Data/MonoBleedingEdge/lib/mono/unityjit-win32'
Mono config path = 'C:/Program Files/Unity/Hub/Editor/2021.3.0f1c1/Editor/Data/MonoBleedingEdge/etc'
Using monoOptions --debugger-agent=transport=dt_socket,embedding=1,server=y,suspend=n,address=127.0.0.1:56044
Begin MonoManager ReloadAssembly
Registering precompiled unity dll's ...
Register platform support module: C:/Program Files/Unity/Hub/Editor/2021.3.0f1c1/Editor/Data/PlaybackEngines/WindowsStandaloneSupport/UnityEditor.WindowsStandalone.Extensions.dll
Registered in 0.006203 seconds.
Native extension for WindowsStandalone target not found
Refreshing native plugins compatible for Editor in 60.38 ms, found 3 plugins.
Preloading 0 native plugins for Editor in 0.00 ms.
Mono: successfully reloaded assembly
- Completed reload, in  0.529 seconds
Domain Reload Profiling:
	ReloadAssembly (530ms)
		BeginReloadAssembly (77ms)
			ExecutionOrderSort (0ms)
			DisableScriptedObjects (0ms)
			BackupInstance (0ms)
			ReleaseScriptingObjects (0ms)
			CreateAndSetChildDomain (1ms)
		EndReloadAssembly (347ms)
			LoadAssemblies (71ms)
			RebuildTransferFunctionScriptingTraits (0ms)
			SetupTypeCache (76ms)
			ReleaseScriptCaches (0ms)
			RebuildScriptCaches (20ms)
			SetupLoadedEditorAssemblies (206ms)
				LogAssemblyErrors (0ms)
				InitializePlatformSupportModulesInManaged (7ms)
				SetLoadedEditorAssemblies (0ms)
				RefreshPlugins (61ms)
				BeforeProcessingInitializeOnLoad (1ms)
				ProcessInitializeOnLoadAttributes (102ms)
				ProcessInitializeOnLoadMethodAttributes (36ms)
				AfterProcessingInitializeOnLoad (0ms)
				EditorAssembliesLoaded (0ms)
			ExecutionOrderSort2 (0ms)
			AwakeInstancesAfterBackupRestoration (0ms)
Platform modules already initialized, skipping
Registering precompiled user dll's ...
Registered in 0.011684 seconds.
Begin MonoManager ReloadAssembly
Symbol file LoadedFromMemory doesn't match image C:\Users\66406\Desktop\unity入门精要\Library\PackageCache\com.unity.visualscripting@1.7.6\Editor\VisualScripting.Core\Dependencies\YamlDotNet\Unity.VisualScripting.YamlDotNet.dll
Symbol file LoadedFromMemory is not a mono symbol file
Symbol file LoadedFromMemory doesn't match image C:\Users\66406\Desktop\unity入门精要\Library\PackageCache\com.unity.visualscripting@1.7.6\Editor\VisualScripting.Core\Dependencies\DotNetZip\Unity.VisualScripting.IonicZip.dll
Native extension for WindowsStandalone target not found
Refreshing native plugins compatible for Editor in 0.42 ms, found 3 plugins.
Preloading 0 native plugins for Editor in 0.00 ms.
Mono: successfully reloaded assembly
- Completed reload, in  0.810 seconds
Domain Reload Profiling:
	ReloadAssembly (811ms)
		BeginReloadAssembly (101ms)
			ExecutionOrderSort (0ms)
			DisableScriptedObjects (4ms)
			BackupInstance (0ms)
			ReleaseScriptingObjects (0ms)
			CreateAndSetChildDomain (18ms)
		EndReloadAssembly (601ms)
			LoadAssemblies (88ms)
			RebuildTransferFunctionScriptingTraits (0ms)
			SetupTypeCache (186ms)
			ReleaseScriptCaches (0ms)
			RebuildScriptCaches (37ms)
			SetupLoadedEditorAssemblies (265ms)
				LogAssemblyErrors (0ms)
				InitializePlatformSupportModulesInManaged (6ms)
				SetLoadedEditorAssemblies (0ms)
				RefreshPlugins (0ms)
				BeforeProcessingInitializeOnLoad (67ms)
				ProcessInitializeOnLoadAttributes (161ms)
				ProcessInitializeOnLoadMethodAttributes (17ms)
				AfterProcessingInitializeOnLoad (12ms)
				EditorAssembliesLoaded (0ms)
			ExecutionOrderSort2 (0ms)
			AwakeInstancesAfterBackupRestoration (5ms)
Platform modules already initialized, skipping
========================================================================
Worker process is ready to serve import requests
Shader 'Custom/water': fallback shader 'Transpatent/VertexLit' not found
Shader 'Custom/billboard': fallback shader 'Transpatent/VertexLits' not found
Launched and connected shader compiler UnityShaderCompiler.exe after 0.04 seconds
Refreshing native plugins compatible for Editor in 0.61 ms, found 3 plugins.
Preloading 0 native plugins for Editor in 0.00 ms.
Unloading 3254 Unused Serialized files (Serialized files now loaded: 0)
Unloading 26 unused Assets / (375.3 KB). Loaded Objects now: 3716.
Memory consumption went from 120.2 MB to 119.9 MB.
Total: 2.417100 ms (FindLiveObjects: 0.189600 ms CreateObjectMapping: 0.095000 ms MarkObjects: 1.972000 ms  DeleteObjects: 0.159600 ms)

AssetImportParameters requested are different than current active one (requested -> active):
  custom:video-decoder-ogg-theora: a1e56fd34408186e4bbccfd4996cb3dc -> 
  custom:container-muxer-webm: aa71ff27fc2769a1b78a27578f13a17b -> 
  custom:container-demuxer-webm: 4f35f7cbe854078d1ac9338744f61a02 -> 
  custom:video-encoder-webm-vp8: eb34c28f22e8b96e1ab97ce403110664 -> 
  custom:video-codec-MediaFoundation-h265: 746d11721c4dcdbdad8f713fa42b33f4 -> 
  custom:audio-encoder-webm-vorbis: bf7c407c2cedff20999df2af8eb42d56 -> 
  custom:framework-win-MediaFoundation: 216162199b28c13a410421893ffa2e32 -> 
  custom:SearchIndexIgnoredProperties: e643bd26f0fe6173181afceb89e7c659 -> 
  custom:container-demuxer-ogg: 62fdf1f143b41e24485cea50d1cbac27 -> 
  custom:video-decoder-webm-vp8: 9c59270c3fd7afecdb556c50c9e8de78 -> 
  custom:audio-decoder-ogg-vorbis: bf7c407c2cedff20999df2af8eb42d56 -> 
========================================================================
Received Import Request.
  Time since last request: 87245.586918 seconds.
  path: Assets/material/light/water cubeMap/texture/back.jpg
  artifactKey: Guid(9287270aae816b144be36ba17f552363) Importer(2089858483,934ff659095e30574adcf32a4c2f97b5)
Start importing Assets/material/light/water cubeMap/texture/back.jpg using Guid(9287270aae816b144be36ba17f552363) Importer(2089858483,934ff659095e30574adcf32a4c2f97b5) Generated GUIDs only implemented for interfaces!
 -> (artifact id: '50e0a899ccae23c85487985e35569a09') in 0.091675 seconds 
========================================================================
Received Import Request.
  Time since last request: 0.000025 seconds.
  path: Assets/material/light/Rusty ball/texture/rustediron2_roughness.png
  artifactKey: Guid(e65a5139aa750164bb6cec456f40bb8d) Importer(2089858483,934ff659095e30574adcf32a4c2f97b5)
Start importing Assets/material/light/Rusty ball/texture/rustediron2_roughness.png using Guid(e65a5139aa750164bb6cec456f40bb8d) Importer(2089858483,934ff659095e30574adcf32a4c2f97b5) Generated GUIDs only implemented for interfaces!
 -> (artifact id: 'e9c86ac6e6286cc7dc8eb71827496d60') in 0.015465 seconds 
========================================================================
Received Import Request.
  Time since last request: 0.000033 seconds.
  path: Assets/material/light/gradient/shader/gradient.shader
  artifactKey: Guid(b3269c46eda01b443b54f1f3a1b36562) Importer(2089858483,934ff659095e30574adcf32a4c2f97b5)
Start importing Assets/material/light/gradient/shader/gradient.shader using Guid(b3269c46eda01b443b54f1f3a1b36562) Importer(2089858483,934ff659095e30574adcf32a4c2f97b5) Generated GUIDs only implemented for interfaces!
 -> (artifact id: '5f0ba0dbefbd6b3bee6c72c112978305') in 0.012131 seconds 
========================================================================
Received Import Request.
  Time since last request: 0.000026 seconds.
  path: Assets/material/NPR/Hatching/material/Hatch.mat
  artifactKey: Guid(c00cc3c0de782e648a1b2dc13300c8d3) Importer(2089858483,934ff659095e30574adcf32a4c2f97b5)
Start importing Assets/material/NPR/Hatching/material/Hatch.mat using Guid(c00cc3c0de782e648a1b2dc13300c8d3) Importer(2089858483,934ff659095e30574adcf32a4c2f97b5) Generated GUIDs only implemented for interfaces!
 -> (artifact id: 'f9386df3ff5150b0fa0a0674a81447f0') in 0.012158 seconds 
========================================================================
Received Import Request.
  Time since last request: 0.000023 seconds.
  path: Assets/material/light/mirror/mirror.prefab
  artifactKey: Guid(fa6f5f7388bc080489eb140e8ae9e06a) Importer(2089858483,934ff659095e30574adcf32a4c2f97b5)
Start importing Assets/material/light/mirror/mirror.prefab using Guid(fa6f5f7388bc080489eb140e8ae9e06a) Importer(2089858483,934ff659095e30574adcf32a4c2f97b5) Generated GUIDs only implemented for interfaces!
 -> (artifact id: 'd5dd22bf1827ff0a6486017911db144b') in 0.010573 seconds 
========================================================================
Received Import Request.
  Time since last request: 8.190280 seconds.
  path: Assets/script/Depth and normals/edge/shader
  artifactKey: Guid(aa31e5545f56e0e458b329bdbfe4f504) Importer(2089858483,934ff659095e30574adcf32a4c2f97b5)
Start importing Assets/script/Depth and normals/edge/shader using Guid(aa31e5545f56e0e458b329bdbfe4f504) Importer(2089858483,934ff659095e30574adcf32a4c2f97b5) Generated GUIDs only implemented for interfaces!
 -> (artifact id: '0e985d637df51dee70c2ee00dd13cc93') in 0.009291 seconds 
========================================================================
Received Import Request.
  Time since last request: 0.000051 seconds.
  path: Assets/script/Screen post-processing/EdgeDetection/material
  artifactKey: Guid(4450566195d49b7459dda6873d2c5bf6) Importer(2089858483,934ff659095e30574adcf32a4c2f97b5)
Start importing Assets/script/Screen post-processing/EdgeDetection/material using Guid(4450566195d49b7459dda6873d2c5bf6) Importer(2089858483,934ff659095e30574adcf32a4c2f97b5) Generated GUIDs only implemented for interfaces!
 -> (artifact id: '93c1059d23c89b1599ab6b58253d4be3') in 0.009494 seconds 
========================================================================
Received Import Request.
  Time since last request: 0.000049 seconds.
  path: Assets/script/Screen post-processing/GaussianBlur/script
  artifactKey: Guid(cce5036f09ec33e438bf1a844650038e) Importer(2089858483,934ff659095e30574adcf32a4c2f97b5)
Start importing Assets/script/Screen post-processing/GaussianBlur/script using Guid(cce5036f09ec33e438bf1a844650038e) Importer(2089858483,934ff659095e30574adcf32a4c2f97b5) Generated GUIDs only implemented for interfaces!
 -> (artifact id: '40dcd9c28086588ee19777092f495635') in 0.007153 seconds 
========================================================================
Received Import Request.
  Time since last request: 0.000050 seconds.
  path: Assets/script/Depth and normals/motionBlurWithDandN/script/motionBlurDandN.cs
  artifactKey: Guid(c497511a98371b04db1ebc91e9d2b38d) Importer(2089858483,934ff659095e30574adcf32a4c2f97b5)
Start importing Assets/script/Depth and normals/motionBlurWithDandN/script/motionBlurDandN.cs using Guid(c497511a98371b04db1ebc91e9d2b38d) Importer(2089858483,934ff659095e30574adcf32a4c2f97b5) Generated GUIDs only implemented for interfaces!
 -> (artifact id: '66b1250e0279b20055db1c915ea80358') in 0.031025 seconds 
========================================================================
Received Import Request.
  Time since last request: 0.000049 seconds.
  path: Assets/script/Screen post-processing/flower brightness/texture
  artifactKey: Guid(29983300c57aaf64d96e74c2bb4c2af4) Importer(2089858483,934ff659095e30574adcf32a4c2f97b5)
Start importing Assets/script/Screen post-processing/flower brightness/texture using Guid(29983300c57aaf64d96e74c2bb4c2af4) Importer(2089858483,934ff659095e30574adcf32a4c2f97b5) Generated GUIDs only implemented for interfaces!
 -> (artifact id: 'dd01afedd426758607b0512024de4a06') in 0.008462 seconds 
========================================================================
Received Import Request.
  Time since last request: 0.000044 seconds.
  path: Assets/script/Depth and normals/motionBlurWithDandN/script
  artifactKey: Guid(686e6c018e11f7645b80328f47dd8a51) Importer(2089858483,934ff659095e30574adcf32a4c2f97b5)
Start importing Assets/script/Depth and normals/motionBlurWithDandN/script using Guid(686e6c018e11f7645b80328f47dd8a51) Importer(2089858483,934ff659095e30574adcf32a4c2f97b5) Generated GUIDs only implemented for interfaces!
 -> (artifact id: '14a8f4d149c97f34018e5debb636f51f') in 0.009213 seconds 
========================================================================
Received Import Request.
  Time since last request: 0.000049 seconds.
  path: Assets/script/Depth and normals/edge/script/edge.cs
  artifactKey: Guid(8a0310ba75986034196b4b91fb696c02) Importer(2089858483,934ff659095e30574adcf32a4c2f97b5)
Start importing Assets/script/Depth and normals/edge/script/edge.cs using Guid(8a0310ba75986034196b4b91fb696c02) Importer(2089858483,934ff659095e30574adcf32a4c2f97b5) Generated GUIDs only implemented for interfaces!
 -> (artifact id: '7278b118a05a5ad0c216269a5040d33b') in 0.008497 seconds 
========================================================================
Received Import Request.
  Time since last request: 0.000043 seconds.
  path: Assets/script/Depth and normals/edge
  artifactKey: Guid(a5d9ae41d6ff2684593bf81629af8318) Importer(2089858483,934ff659095e30574adcf32a4c2f97b5)
Start importing Assets/script/Depth and normals/edge using Guid(a5d9ae41d6ff2684593bf81629af8318) Importer(2089858483,934ff659095e30574adcf32a4c2f97b5) Generated GUIDs only implemented for interfaces!
 -> (artifact id: '8c0b5da96a3e3d63fa6ee55d3e8a52bd') in 0.008696 seconds 
========================================================================
Received Import Request.
  Time since last request: 0.000092 seconds.
  path: Assets/script/Depth and normals/motionBlurWithDandN/shader
  artifactKey: Guid(3d37d92b1bfc9644bad7e69b825137f4) Importer(2089858483,934ff659095e30574adcf32a4c2f97b5)
Start importing Assets/script/Depth and normals/motionBlurWithDandN/shader using Guid(3d37d92b1bfc9644bad7e69b825137f4) Importer(2089858483,934ff659095e30574adcf32a4c2f97b5) Generated GUIDs only implemented for interfaces!
 -> (artifact id: '1d1167f702c0f87da5052bb5c79658a7') in 0.007976 seconds 
========================================================================
Received Import Request.
  Time since last request: 0.000047 seconds.
  path: Assets/script/Screen post-processing/PostEffectsBase.cs
  artifactKey: Guid(5f03544d52f5d354a80b49a200e39b36) Importer(2089858483,934ff659095e30574adcf32a4c2f97b5)
Start importing Assets/script/Screen post-processing/PostEffectsBase.cs using Guid(5f03544d52f5d354a80b49a200e39b36) Importer(2089858483,934ff659095e30574adcf32a4c2f97b5) Generated GUIDs only implemented for interfaces!
 -> (artifact id: 'd28297058709e4fc1dd5b72e53f4a444') in 0.009350 seconds 
========================================================================
Received Import Request.
  Time since last request: 0.000059 seconds.
  path: Assets/script/Screen post-processing/EdgeDetection/shader/EdgeDetection.shader
  artifactKey: Guid(974daf22be30b7247903b0249090af36) Importer(2089858483,934ff659095e30574adcf32a4c2f97b5)
Start importing Assets/script/Screen post-processing/EdgeDetection/shader/EdgeDetection.shader using Guid(974daf22be30b7247903b0249090af36) Importer(2089858483,934ff659095e30574adcf32a4c2f97b5) Generated GUIDs only implemented for interfaces!
 -> (artifact id: 'af3ec5ef0bbb38429784cb4959ace22d') in 0.010321 seconds 
========================================================================
Received Import Request.
  Time since last request: 0.000033 seconds.
  path: Assets/script/Screen post-processing/flower brightness/texture/Materials
  artifactKey: Guid(42b8cc8e5a3cc784a80653f22664df49) Importer(2089858483,934ff659095e30574adcf32a4c2f97b5)
Start importing Assets/script/Screen post-processing/flower brightness/texture/Materials using Guid(42b8cc8e5a3cc784a80653f22664df49) Importer(2089858483,934ff659095e30574adcf32a4c2f97b5) Generated GUIDs only implemented for interfaces!
 -> (artifact id: '2570883c463f75b26a9c8f305bc1ff6d') in 0.007848 seconds 
========================================================================
Received Import Request.
  Time since last request: 3.196255 seconds.
  path: Assets/SetProperty/SetProperty-master/README.md
  artifactKey: Guid(78c35a8e75409ba4b982209e534d6952) Importer(2089858483,934ff659095e30574adcf32a4c2f97b5)
Start importing Assets/SetProperty/SetProperty-master/README.md using Guid(78c35a8e75409ba4b982209e534d6952) Importer(2089858483,934ff659095e30574adcf32a4c2f97b5) Generated GUIDs only implemented for interfaces!
 -> (artifact id: 'd2aa1373cf37d9010fc1fe7046e7ccbf') in 0.017939 seconds 
========================================================================
Received Import Request.
  Time since last request: 0.000036 seconds.
  path: Assets/SetProperty/SetProperty-master/Scripts/SetPropertyExample.cs.$data.Zone.Identifier
  artifactKey: Guid(4a1dbffb21696ab4e9887026eeef9d21) Importer(2089858483,934ff659095e30574adcf32a4c2f97b5)
Start importing Assets/SetProperty/SetProperty-master/Scripts/SetPropertyExample.cs.$data.Zone.Identifier using Guid(4a1dbffb21696ab4e9887026eeef9d21) Importer(2089858483,934ff659095e30574adcf32a4c2f97b5) Generated GUIDs only implemented for interfaces!
 -> (artifact id: '475ea5b1cca4f108d5792294b2671027') in 0.011243 seconds 
Editor requested this worker to shutdown with reason: Scaling down because of idle timeout
AssetImportWorker is now disconnected from the server
Process exiting
Exiting without the bug reporter. Application will terminate with return code 0